#-----------------------------------------------------------
# Vivado v2020.2 (64-bit)
# SW Build 3064766 on Wed Nov 18 09:12:45 MST 2020
# IP Build 3064653 on Wed Nov 18 14:17:31 MST 2020
# Start of session at: Wed Nov  5 16:10:09 2025
# Process ID: 31436
# Current directory: E:/fpga_class/vivado/logic_analyzer/logic_analyzer
# Command line: vivado.exe -gui_launcher_event rodinguilauncherevent24604 E:\fpga_class\vivado\logic_analyzer\logic_analyzer\logic_analyzer.xpr
# Log file: E:/fpga_class/vivado/logic_analyzer/logic_analyzer/vivado.log
# Journal file: E:/fpga_class/vivado/logic_analyzer/logic_analyzer\vivado.jou
#-----------------------------------------------------------
start_gui
open_project E:/fpga_class/vivado/logic_analyzer/logic_analyzer/logic_analyzer.xpr
CRITICAL WARNING: [Project 1-19] Could not find the file 'E:/fpga_class/vivado/logic_analyzer/sim/tb_fpga_top_config_commented.v'.
Scanning sources...
Finished scanning sources
INFO: [IP_Flow 19-234] Refreshing IP repositories
INFO: [IP_Flow 19-1704] No user IP repositories specified
INFO: [IP_Flow 19-2313] Loaded Vivado IP repository 'F:/Xilinx/Vivado/2020.2/data/ip'.
open_project: Time (s): cpu = 00:00:14 ; elapsed = 00:00:07 . Memory (MB): peak = 1109.684 ; gain = 0.000
update_compile_order -fileset sources_1
update_compile_order -fileset sim_1
export_ip_user_files -of_objects  [get_files E:/fpga_class/vivado/logic_analyzer/sim/tb_fpga_top_config_commented.v] -no_script -reset -force -quiet
remove_files  -fileset sim_1 E:/fpga_class/vivado/logic_analyzer/sim/tb_fpga_top_config_commented.v
launch_simulation
Command: launch_simulation 
INFO: [Vivado 12-5698] Checking validity of IPs in the design for the 'ModelSim' simulator...
INFO: [Vivado 12-5682] Launching behavioral simulation in 'E:/fpga_class/vivado/logic_analyzer/logic_analyzer/logic_analyzer.sim/sim_1/behav/modelsim'
INFO: [Vivado 12-4795] Using compiled simulation libraries for IPs
INFO: [USF-ModelSim-47] Finding simulator installation...
INFO: [USF-ModelSim-49] Using simulator executables from 'E:\ModelSim\modelsim_ase\win32aloem'
INFO: [SIM-utils-51] Simulation object is 'sim_1'
INFO: [USF-modelsim-7] Finding pre-compiled libraries...
INFO: [SIM-utils-54] Inspecting design source files for 'tb_fpga_top_config' in fileset 'sim_1'...
INFO: [USF-ModelSim-107] Finding global include files...
INFO: [USF-ModelSim-108] Finding include directories and verilog header directory paths...
INFO: [USF-ModelSim-109] Fetching design files from 'sim_1'...
INFO: [USF-ModelSim-2] ModelSim::Compile design
INFO: [USF-ModelSim-15] Creating automatic 'do' files...
INFO: [USF-ModelSim-69] Executing 'COMPILE and ANALYZE' step in 'E:/fpga_class/vivado/logic_analyzer/logic_analyzer/logic_analyzer.sim/sim_1/behav/modelsim'
Reading E:/ModelSim/modelsim_ase/tcl/vsim/pref.tcl

# 10.5b

# do {tb_fpga_top_config_compile.do}
# ** Warning: (vlib-34) Library already exists at "modelsim_lib/work".
# ** Warning: (vlib-34) Library already exists at "modelsim_lib/msim".
# ** Warning: (vlib-34) Library already exists at "modelsim_lib/msim/xpm".
# ** Warning: (vlib-34) Library already exists at "modelsim_lib/msim/xil_defaultlib".
# Model Technology ModelSim - Intel FPGA Edition vmap 10.5b Lib Mapping Utility 2016.10 Oct  5 2016
# vmap xpm modelsim_lib/msim/xpm 
# Modifying modelsim.ini
# Model Technology ModelSim - Intel FPGA Edition vmap 10.5b Lib Mapping Utility 2016.10 Oct  5 2016
# vmap xil_defaultlib modelsim_lib/msim/xil_defaultlib 
# Modifying modelsim.ini
# Model Technology ModelSim - Intel FPGA Edition vlog 10.5b Compiler 2016.10 Oct  5 2016
# Start time: 16:10:58 on Nov 05,2025
# vlog -incr -sv -work xpm F:/Xilinx/Vivado/2020.2/data/ip/xpm/xpm_cdc/hdl/xpm_cdc.sv F:/Xilinx/Vivado/2020.2/data/ip/xpm/xpm_memory/hdl/xpm_memory.sv 
# -- Skipping module xpm_cdc_single
# -- Skipping module xpm_cdc_gray
# -- Skipping module xpm_cdc_handshake
# -- Skipping module xpm_cdc_pulse
# -- Skipping module xpm_cdc_array_single
# -- Skipping module xpm_cdc_sync_rst
# -- Skipping module xpm_cdc_async_rst
# -- Skipping module xpm_cdc_low_latency_handshake
# -- Skipping module xpm_memory_base
# -- Skipping module asym_bwe_bb
# -- Skipping module xpm_memory_dpdistram
# -- Skipping module xpm_memory_dprom
# -- Skipping module xpm_memory_sdpram
# -- Skipping module xpm_memory_spram
# -- Skipping module xpm_memory_sprom
# -- Skipping module xpm_memory_tdpram
# 
# Top level modules:
# 	xpm_cdc_gray
# 	xpm_cdc_handshake
# 	xpm_cdc_pulse
# 	xpm_cdc_array_single
# 	xpm_cdc_sync_rst
# 	xpm_cdc_async_rst
# 	xpm_cdc_low_latency_handshake
# 	xpm_memory_dpdistram
# 	xpm_memory_dprom
# 	xpm_memory_sdpram
# 	xpm_memory_spram
# 	xpm_memory_sprom
# 	xpm_memory_tdpram
# End time: 16:10:58 on Nov 05,2025, Elapsed time: 0:00:00
# Errors: 0, Warnings: 0
# Model Technology ModelSim - Intel FPGA Edition vcom 10.5b Compiler 2016.10 Oct  5 2016
# Start time: 16:10:58 on Nov 05,2025
# vcom -93 -work xpm F:/Xilinx/Vivado/2020.2/data/ip/xpm/xpm_VCOMP.vhd 
# -- Loading package STANDARD
# -- Loading package TEXTIO
# -- Loading package std_logic_1164
# -- Compiling package VCOMPONENTS
# End time: 16:10:58 on Nov 05,2025, Elapsed time: 0:00:00
# Errors: 0, Warnings: 0
# Model Technology ModelSim - Intel FPGA Edition vlog 10.5b Compiler 2016.10 Oct  5 2016
# Start time: 16:10:58 on Nov 05,2025
# vlog -incr -work xil_defaultlib ../../../../logic_analyzer.gen/sources_1/ip/ila/sim/ila.v ../../../../../src/debounce.v ../../../../../src/fpga_top.v ../../../../../src/input_synchronizer.v ../../../../../src/logic_analyzer_core.v ../../../../../src/sample_buffer.v ../../../../../src/test_signal_gen.v ../../../../../src/uart_bram_streamer.v ../../../../../src/uart_tx.v ../../../../../sim/tb_fpga_top_config.v 
# -- Skipping module ila
# -- Skipping module debounce
# -- Skipping module fpga_top
# -- Skipping module input_synchronizer
# -- Skipping module logic_analyzer_core
# -- Skipping module sample_buffer
# -- Skipping module test_signal_gen
# -- Skipping module uart_bram_streamer
# -- Skipping module uart_tx
# -- Compiling module tb_fpga_top_config
# 
# Top level modules:
# 	tb_fpga_top_config
# End time: 16:10:58 on Nov 05,2025, Elapsed time: 0:00:00
# Errors: 0, Warnings: 0
# Model Technology ModelSim - Intel FPGA Edition vlog 10.5b Compiler 2016.10 Oct  5 2016
# Start time: 16:10:58 on Nov 05,2025
# vlog -work xil_defaultlib glbl.v 
# -- Compiling module glbl
# 
# Top level modules:
# 	glbl
# End time: 16:10:58 on Nov 05,2025, Elapsed time: 0:00:00
# Errors: 0, Warnings: 0
INFO: [USF-ModelSim-69] 'compile' step finished in '1' seconds
INFO: [USF-ModelSim-4] ModelSim::Simulate design
INFO: [USF-ModelSim-69] Executing 'SIMULATE' step in 'E:/fpga_class/vivado/logic_analyzer/logic_analyzer/logic_analyzer.sim/sim_1/behav/modelsim'
Program launched (PID=29496)
exit
INFO: [Common 17-206] Exiting Vivado at Wed Nov  5 16:14:50 2025...
