#-----------------------------------------------------------
# Vivado v2020.2 (64-bit)
# SW Build 3064766 on Wed Nov 18 09:12:45 MST 2020
# IP Build 3064653 on Wed Nov 18 14:17:31 MST 2020
# Start of session at: Wed Nov  5 12:09:44 2025
# Process ID: 14688
# Current directory: E:/fpga_class/vivado/logic_analyzer/logic_analyzer
# Command line: vivado.exe -gui_launcher_event rodinguilauncherevent10356 E:\fpga_class\vivado\logic_analyzer\logic_analyzer\logic_analyzer.xpr
# Log file: E:/fpga_class/vivado/logic_analyzer/logic_analyzer/vivado.log
# Journal file: E:/fpga_class/vivado/logic_analyzer/logic_analyzer\vivado.jou
#-----------------------------------------------------------
start_gui
open_project E:/fpga_class/vivado/logic_analyzer/logic_analyzer/logic_analyzer.xpr
Scanning sources...
Finished scanning sources
INFO: [IP_Flow 19-234] Refreshing IP repositories
INFO: [IP_Flow 19-1704] No user IP repositories specified
INFO: [IP_Flow 19-2313] Loaded Vivado IP repository 'F:/Xilinx/Vivado/2020.2/data/ip'.
open_project: Time (s): cpu = 00:00:38 ; elapsed = 00:00:30 . Memory (MB): peak = 1081.961 ; gain = 0.000
update_compile_order -fileset sources_1
exit
INFO: [Common 17-206] Exiting Vivado at Wed Nov  5 14:24:26 2025...
