# do {tb_fpga_top_config_compile.do}
# ** Warning: (vlib-34) Library already exists at "modelsim_lib/work".
# ** Warning: (vlib-34) Library already exists at "modelsim_lib/msim".
# ** Warning: (vlib-34) Library already exists at "modelsim_lib/msim/xil_defaultlib".
# Model Technology ModelSim - Intel FPGA Edition vmap 10.5b Lib Mapping Utility 2016.10 Oct  5 2016
# vmap xil_defaultlib modelsim_lib/msim/xil_defaultlib 
# Modifying modelsim.ini
# Model Technology ModelSim - Intel FPGA Edition vlog 10.5b Compiler 2016.10 Oct  5 2016
# Start time: 01:20:07 on Oct 25,2025
# vlog -incr -work xil_defaultlib ../../../../debounce.v ../../../../fpga_top.v ../../../../input_synchronizer.v ../../../../logic_analyzer_core.v ../../../../sample_buffer.v ../../../../test_signal_gen.v ../../../../tb_fpga_top_config.v 
# -- Skipping module debounce
# -- Skipping module fpga_top
# -- Skipping module input_synchronizer
# -- Skipping module logic_analyzer_core
# -- Skipping module sample_buffer
# -- Skipping module test_signal_gen
# -- Compiling module tb_fpga_top_config
# 
# Top level modules:
# 	tb_fpga_top_config
# End time: 01:20:07 on Oct 25,2025, Elapsed time: 0:00:00
# Errors: 0, Warnings: 0
# Model Technology ModelSim - Intel FPGA Edition vlog 10.5b Compiler 2016.10 Oct  5 2016
# Start time: 01:20:08 on Oct 25,2025
# vlog -work xil_defaultlib glbl.v 
# -- Compiling module glbl
# 
# Top level modules:
# 	glbl
# End time: 01:20:08 on Oct 25,2025, Elapsed time: 0:00:00
# Errors: 0, Warnings: 0
